
> 5glabx-platform@1.0.0 dev
> next dev

   â–² Next.js 15.5.3
   - Local:        http://localhost:3000
   - Network:      http://172.30.0.2:3000
   - Environments: .env.local

 âœ“ Starting...
Attention: Next.js now collects completely anonymous telemetry regarding usage.
This information is used to shape Next.js' roadmap and prioritize features.
You can learn more, including how to opt-out if you'd not like to participate in this anonymous program, by visiting the following URL:
https://nextjs.org/telemetry

 âœ“ Ready in 1251ms
 â—‹ Compiling /api/test-execution/mock ...
 âœ“ Compiled /api/test-execution/mock in 1584ms (343 modules)
ðŸŽ¯ Mock API: Fetching test case data for TC_5G_NR_INITIAL_ACCESS_001
âœ… Mock API: Generated comprehensive test case data:
   Test Case: 5G NR Initial Access Procedure
   Expected Messages: 3
   Expected IEs: 4
   Expected Layer Params: 4
   Layers: RRC, NAS
   Protocols: 5G_NR
 GET /api/test-execution/mock/ 200 in 1744ms
 âœ“ Compiled /middleware in 383ms (159 modules)
 â—‹ Compiling / ...
 âœ“ Compiled / in 3.2s (831 modules)
 GET / 200 in 4085ms
 âœ“ Compiled in 1135ms (312 modules)
ðŸŽ¯ Mock API: Fetching test case data for TC_5G_NR_INITIAL_ACCESS_001
âœ… Mock API: Generated comprehensive test case data:
   Test Case: 5G NR Initial Access Procedure
   Expected Messages: 3
   Expected IEs: 4
   Expected Layer Params: 4
   Layers: RRC, NAS
   Protocols: 5G_NR
 GET /api/test-execution/mock/ 200 in 262ms
 âœ“ Compiled in 413ms (312 modules)
 âœ“ Compiled in 232ms (312 modules)
 âœ“ Compiled in 199ms (312 modules)
 GET / 200 in 248ms
ðŸŽ¯ Mock API: Fetching test case data for TC_5G_NR_INITIAL_ACCESS_001
âœ… Mock API: Generated comprehensive test case data:
   Test Case: 5G NR Initial Access Procedure
   Expected Messages: 3
   Expected IEs: 4
   Expected Layer Params: 4
   Layers: RRC, NAS
   Protocols: 5G_NR
 GET /api/test-execution/mock/ 200 in 16ms
 âœ“ Compiled in 609ms (312 modules)
 âœ“ Compiled in 328ms (312 modules)
 âœ“ Compiled in 254ms (312 modules)
 âœ“ Compiled in 228ms (312 modules)
 âœ“ Compiled in 220ms (312 modules)
 âœ“ Compiled in 2.2s (312 modules)
 âœ“ Compiled in 877ms (312 modules)
 âœ“ Compiled in 713ms (312 modules)
 âœ“ Compiled in 3s (312 modules)
 âœ“ Compiled in 1179ms (312 modules)
 âœ“ Compiled in 2.3s (312 modules)
 âœ“ Compiled in 1721ms (312 modules)
 âœ“ Compiled in 1436ms (312 modules)
 âœ“ Compiled in 1300ms (312 modules)
 âœ“ Compiled in 1344ms (312 modules)
 âœ“ Compiled in 1450ms (312 modules)
 âœ“ Compiled in 1073ms (312 modules)
 âœ“ Compiled in 1146ms (312 modules)
 âœ“ Compiled in 1032ms (312 modules)
 âœ“ Compiled in 1181ms (312 modules)
 âœ“ Compiled in 3.3s (312 modules)
 âœ“ Compiled in 1272ms (312 modules)
 âœ“ Compiled in 1400ms (312 modules)
 âœ“ Compiled in 1046ms (312 modules)
 âœ“ Compiled in 1601ms (312 modules)
 âœ“ Compiled in 1238ms (312 modules)
 âœ“ Compiled in 968ms (312 modules)
 âœ“ Compiled in 1951ms (312 modules)
 âœ“ Compiled in 1156ms (312 modules)
 âœ“ Compiled in 1069ms (312 modules)
 âœ“ Compiled in 1250ms (312 modules)
 âœ“ Compiled in 1193ms (312 modules)
 âœ“ Compiled in 1528ms (312 modules)
 âœ“ Compiled in 4.6s (312 modules)
 âœ“ Compiled in 2s (456 modules)
 â—‹ Compiling /api/test-cases/simple ...
 âœ“ Compiled /api/test-cases/simple in 3.5s (519 modules)
ðŸ” Simple fetch - Category: null, Limit: 5
âœ… Simple fetch successful: 5 test cases found
 GET /api/test-cases/simple/?limit=5 200 in 5942ms
 â—‹ Compiling /api/tests/run-simple ...
 âœ“ Compiled /api/tests/run-simple in 566ms (538 modules)
ðŸš€ Simple test run started: f9807667-c7bf-4e25-b2bd-83587ff9b7b5 for test cases: a6d95965-c711-4086-8e85-8c438d4de1e6
 POST /api/tests/run-simple/ 200 in 809ms
 â—‹ Compiling /api/test-execution/simple ...
 âœ“ Compiled /api/test-execution/simple in 609ms (540 modules)
ðŸ” Simple execution fetch for test case: a6d95965-c711-4086-8e85-8c438d4de1e6
âœ… Simple execution data created for: 4G LTE Conformance - 3GPP TS 36.211 Conformance
   Expected Messages: 2
   Expected IEs: 2
   Expected Layer Params: 2
 GET /api/test-execution/simple/?testCaseId=a6d95965-c711-4086-8e85-8c438d4de1e6 200 in 1571ms
ðŸ” Simple fetch - Category: 5G_NR, Limit: 3
âœ… Simple fetch successful: 3 test cases found
 GET /api/test-cases/simple/?category=5G_NR&limit=3 200 in 1329ms
ðŸš€ Simple test run started: 24ffc25c-c714-45a2-b3e9-e98dd7cb8360 for test cases: c8266910-8cf0-4547-aa1a-32cc28bd0489
 POST /api/tests/run-simple/ 200 in 89ms
ðŸ” Simple execution fetch for test case: c8266910-8cf0-4547-aa1a-32cc28bd0489
âœ… Simple execution data created for: 5G NR Conformance - 3GPP TS 38.211 Conformance
   Expected Messages: 2
   Expected IEs: 2
   Expected Layer Params: 2
 GET /api/test-execution/simple/?testCaseId=c8266910-8cf0-4547-aa1a-32cc28bd0489 200 in 387ms
ðŸ” Simple fetch - Category: null, Limit: 1
âœ… Simple fetch successful: 1 test cases found
 GET /api/test-cases/simple/?limit=1 200 in 1896ms
ðŸ” Simple execution fetch for test case: a6d95965-c711-4086-8e85-8c438d4de1e6
âœ… Simple execution data created for: 4G LTE Conformance - 3GPP TS 36.211 Conformance
   Expected Messages: 2
   Expected IEs: 2
   Expected Layer Params: 2
 GET /api/test-execution/simple/?testCaseId=a6d95965-c711-4086-8e85-8c438d4de1e6 200 in 861ms
 â—‹ Compiling /api/test-execution/comprehensive ...
 âœ“ Compiled /api/test-execution/comprehensive in 1694ms (523 modules)
ðŸ” Fetching comprehensive test case execution data - TestCase: a6d95965-c711-4086-8e85-8c438d4de1e6, RunId: null
Dynamic select query: *,test_case_categories!inner(name, description, protocol_focus, layer_focus, complexity_level),test_case_messages(*),test_case_information_elements(*),test_case_layer_parameters(*),test_case_dependencies(*)
Test case fetch error: {
  code: 'PGRST201',
  details: [
    {
      cardinality: 'one-to-many',
      embedding: 'test_cases with test_case_dependencies',
      relationship: 'test_case_dependencies_depends_on_test_case_id_fkey using test_cases(id) and test_case_dependencies(depends_on_test_case_id)'
    },
    {
      cardinality: 'one-to-many',
      embedding: 'test_cases with test_case_dependencies',
      relationship: 'test_case_dependencies_test_case_id_fkey using test_cases(id) and test_case_dependencies(test_case_id)'
    }
  ],
  hint: "Try changing 'test_case_dependencies' to one of the following: 'test_case_dependencies!test_case_dependencies_depends_on_test_case_id_fkey', 'test_case_dependencies!test_case_dependencies_test_case_id_fkey'. Find the desired relationship in the 'details' key.",
  message: "Could not embed because more than one relationship was found for 'test_cases' and 'test_case_dependencies'"
}
 GET /api/test-execution/comprehensive/?testCaseId=a6d95965-c711-4086-8e85-8c438d4de1e6&includeTemplates=true 404 in 6700ms
ðŸ” Simple fetch - Category: null, Limit: 10
âœ… Simple fetch successful: 10 test cases found
 GET /api/test-cases/simple/?limit=10 200 in 859ms
 âœ“ Compiled in 2s (537 modules)
 âœ“ Compiled in 1765ms (533 modules)
 âœ“ Compiled in 1740ms (312 modules)
 âœ“ Compiled in 1677ms (312 modules)
 âœ“ Compiled in 1112ms (312 modules)
 â—‹ Compiling /api/test-execution/simple ...
 âœ“ Compiled /api/test-execution/simple in 555ms (221 modules)
ðŸ” Simple execution fetch for test case: a6d95965-c711-4086-8e85-8c438d4de1e6
âœ… Simple execution data created for: 4G LTE Conformance - 3GPP TS 36.211 Conformance
   Expected Messages: 10
   Expected IEs: 10
   Expected Layer Params: 10
 GET /api/test-execution/simple/?testCaseId=a6d95965-c711-4086-8e85-8c438d4de1e6 200 in 1986ms
 â—‹ Compiling /_not-found ...
 âœ“ Compiled /_not-found in 3.8s (660 modules)
 POST /api/test-cases/create/ 404 in 4802ms
 POST /api/test-cases/create/ 404 in 163ms
 POST /api/test-cases/create/ 404 in 129ms
 POST /api/test-cases/create/ 404 in 196ms
 POST /api/test-cases/create/ 404 in 160ms
 POST /api/test-cases/create/ 404 in 250ms
 POST /api/test-cases/create/ 404 in 166ms
 POST /api/test-cases/create/ 404 in 159ms
 âœ“ Compiled in 3.7s (833 modules)
 â—‹ Compiling /api/test-cases/create ...
 âœ“ Compiled /api/test-cases/create in 1836ms (750 modules)
ðŸ”§ Creating test case: SMS Service End-to-End: MO â†’ SMSC â†’ MT Delivery
Test case creation error: {
  code: 'PGRST204',
  details: null,
  hint: null,
  message: "Could not find the 'duration_seconds' column of 'test_cases' in the schema cache"
}
 POST /api/test-cases/create/ 500 in 3702ms
ðŸ”§ Creating test case: MO Data End-to-End: PDP Activation â†’ Data Transfer
Test case creation error: {
  code: 'PGRST204',
  details: null,
  hint: null,
  message: "Could not find the 'duration_seconds' column of 'test_cases' in the schema cache"
}
 POST /api/test-cases/create/ 500 in 291ms
ðŸ”§ Creating test case: MT Data End-to-End: Paging â†’ Data Delivery
Test case creation error: {
  code: 'PGRST204',
  details: null,
  hint: null,
  message: "Could not find the 'duration_seconds' column of 'test_cases' in the schema cache"
}
 POST /api/test-cases/create/ 500 in 680ms
ðŸ”§ Creating test case: MT CSFB End-to-End: Voice Call â†’ Fallback â†’ Connection
Test case creation error: {
  code: 'PGRST204',
  details: null,
  hint: null,
  message: "Could not find the 'duration_seconds' column of 'test_cases' in the schema cache"
}
 POST /api/test-cases/create/ 500 in 746ms
ðŸ”§ Creating test case: MO CSFB End-to-End: Voice Attempt â†’ Fallback â†’ Connection
Test case creation error: {
  code: 'PGRST204',
  details: null,
  hint: null,
  message: "Could not find the 'duration_seconds' column of 'test_cases' in the schema cache"
}
 POST /api/test-cases/create/ 500 in 320ms
ðŸ”§ Creating test case: 5Gâ†’LTE Handover End-to-End: Measurement â†’ Handover â†’ Bearer Update
Test case creation error: {
  code: 'PGRST204',
  details: null,
  hint: null,
  message: "Could not find the 'duration_seconds' column of 'test_cases' in the schema cache"
}
 POST /api/test-cases/create/ 500 in 316ms
ðŸ”§ Creating test case: LTEâ†’5G Handover End-to-End: Measurement â†’ Handover â†’ QoS Update
Test case creation error: {
  code: 'PGRST204',
  details: null,
  hint: null,
  message: "Could not find the 'duration_seconds' column of 'test_cases' in the schema cache"
}
 POST /api/test-cases/create/ 500 in 270ms
ðŸ”§ Creating test case: 3Gâ†’LTE Handover End-to-End: Measurement â†’ Relocation â†’ Bearer Update
Test case creation error: {
  code: 'PGRST204',
  details: null,
  hint: null,
  message: "Could not find the 'duration_seconds' column of 'test_cases' in the schema cache"
}
 POST /api/test-cases/create/ 500 in 678ms
 âœ“ Compiled in 1387ms (764 modules)
ðŸ”§ Creating test case: SMS Service End-to-End: MO â†’ SMSC â†’ MT Delivery
Test case creation error: {
  code: 'PGRST204',
  details: null,
  hint: null,
  message: "Could not find the 'priority' column of 'test_cases' in the schema cache"
}
 POST /api/test-cases/create/ 500 in 811ms
ðŸ”§ Creating test case: MO Data End-to-End: PDP Activation â†’ Data Transfer
Test case creation error: {
  code: 'PGRST204',
  details: null,
  hint: null,
  message: "Could not find the 'priority' column of 'test_cases' in the schema cache"
}
 POST /api/test-cases/create/ 500 in 661ms
ðŸ”§ Creating test case: MT Data End-to-End: Paging â†’ Data Delivery
Test case creation error: {
  code: 'PGRST204',
  details: null,
  hint: null,
  message: "Could not find the 'priority' column of 'test_cases' in the schema cache"
}
 POST /api/test-cases/create/ 500 in 704ms
ðŸ”§ Creating test case: MT CSFB End-to-End: Voice Call â†’ Fallback â†’ Connection
Test case creation error: {
  code: 'PGRST204',
  details: null,
  hint: null,
  message: "Could not find the 'priority' column of 'test_cases' in the schema cache"
}
 POST /api/test-cases/create/ 500 in 650ms
ðŸ”§ Creating test case: MO CSFB End-to-End: Voice Attempt â†’ Fallback â†’ Connection
Test case creation error: {
  code: 'PGRST204',
  details: null,
  hint: null,
  message: "Could not find the 'priority' column of 'test_cases' in the schema cache"
}
 POST /api/test-cases/create/ 500 in 315ms
ðŸ”§ Creating test case: 5Gâ†’LTE Handover End-to-End: Measurement â†’ Handover â†’ Bearer Update
Test case creation error: {
  code: 'PGRST204',
  details: null,
  hint: null,
  message: "Could not find the 'priority' column of 'test_cases' in the schema cache"
}
 POST /api/test-cases/create/ 500 in 660ms
ðŸ”§ Creating test case: LTEâ†’5G Handover End-to-End: Measurement â†’ Handover â†’ QoS Update
Test case creation error: {
  code: 'PGRST204',
  details: null,
  hint: null,
  message: "Could not find the 'priority' column of 'test_cases' in the schema cache"
}
 POST /api/test-cases/create/ 500 in 673ms
ðŸ”§ Creating test case: 3Gâ†’LTE Handover End-to-End: Measurement â†’ Relocation â†’ Bearer Update
Test case creation error: {
  code: 'PGRST204',
  details: null,
  hint: null,
  message: "Could not find the 'priority' column of 'test_cases' in the schema cache"
}
 POST /api/test-cases/create/ 500 in 693ms
 âœ“ Compiled /api/test-cases/simple in 436ms (223 modules)
ðŸ” Simple fetch - Category: null, Limit: 1
âœ… Simple fetch successful: 1 test cases found
 GET /api/test-cases/simple/?limit=1 200 in 1770ms
 âœ“ Compiled in 1777ms (535 modules)
ðŸ”§ Creating test case: SMS Service End-to-End: MO â†’ SMSC â†’ MT Delivery
Test case creation error: {
  code: '23514',
  details: 'Failing row contains (3b1b1b4d-030c-47ef-aae9-d9d0f48e50df, LTE-20250924042127656-b422ec, SMS Service End-to-End: MO â†’ SMSC â†’ MT Delivery, Complete SMS service flow from Mobile Originated to Mobile Termi..., null, 4G_LTE, LTE, 1.0, expert, end_to_end, 30, 0.0100, {SMS,E2E,MO,MT,SMSC,Delivery}, {}, {"scenario": "sms_service_e2e", "services": ["SMS"], "flow_type"..., {"success_criteria": "SMS delivered successfully from MO to MT",..., {}, {}, {}, f, f, t, null, 2025-09-24 04:21:27.627485+00, 2025-09-24 04:21:27.627485+00, null, null, null, null, {}, {}, {}, {}, {}, {}, automated, 5, 30, {}, null, null, {}, null, approved, Multi, 3GPP TS 23.040 SMS Service, null).',
  hint: null,
  message: 'new row for relation "test_cases" violates check constraint "test_cases_automation_level_check"'
}
 POST /api/test-cases/create/ 500 in 755ms
ðŸ”§ Creating test case: MO Data End-to-End: PDP Activation â†’ Data Transfer
Test case creation error: {
  code: '23514',
  details: 'Failing row contains (606dcc2e-9851-4fd8-bfad-c9ba7f1de04b, LTE-20250924042127981-69da3e, MO Data End-to-End: PDP Activation â†’ Data Transfer, Complete Mobile Originated data flow from PDP context activation..., null, 4G_LTE, LTE, 1.0, expert, end_to_end, 30, 0.0100, {Data,E2E,MO,PDP,Activation,Transfer}, {}, {"scenario": "mo_data_e2e", "services": ["Data"], "flow_type": "..., {"success_criteria": "PDP context activated and data transfer su..., {}, {}, {}, f, f, t, null, 2025-09-24 04:21:27.978704+00, 2025-09-24 04:21:27.978704+00, null, null, null, null, {}, {}, {}, {}, {}, {}, automated, 5, 30, {}, null, null, {}, null, approved, Multi, 3GPP TS 23.401 EPS Bearer Management, null).',
  hint: null,
  message: 'new row for relation "test_cases" violates check constraint "test_cases_automation_level_check"'
}
 POST /api/test-cases/create/ 500 in 291ms
ðŸ”§ Creating test case: MT Data End-to-End: Paging â†’ Data Delivery
Test case creation error: {
  code: '23514',
  details: 'Failing row contains (9ffe36c0-3018-4a43-bef8-3ebfc52d892d, LTE-20250924042128304-000947, MT Data End-to-End: Paging â†’ Data Delivery, Complete Mobile Terminated data flow from paging to successful d..., null, 4G_LTE, LTE, 1.0, expert, end_to_end, 30, 0.0100, {Data,E2E,MT,Paging,Delivery}, {}, {"scenario": "mt_data_e2e", "services": ["Data"], "flow_type": "..., {"success_criteria": "UE paged and data delivered successfully",..., {}, {}, {}, f, f, t, null, 2025-09-24 04:21:28.296065+00, 2025-09-24 04:21:28.296065+00, null, null, null, null, {}, {}, {}, {}, {}, {}, automated, 5, 30, {}, null, null, {}, null, approved, Multi, 3GPP TS 23.401 EPS Bearer Management, null).',
  hint: null,
  message: 'new row for relation "test_cases" violates check constraint "test_cases_automation_level_check"'
}
 POST /api/test-cases/create/ 500 in 304ms
ðŸ”§ Creating test case: MT CSFB End-to-End: Voice Call â†’ Fallback â†’ Connection
Test case creation error: {
  code: '23514',
  details: 'Failing row contains (c79fddc5-e6f6-440f-9e6d-325a82808b4d, LTE-20250924042128613-8ec8a3, MT CSFB End-to-End: Voice Call â†’ Fallback â†’ Connection, Complete Mobile Terminated Circuit Switched Fallback flow from v..., null, 4G_LTE, LTE, 1.0, expert, end_to_end, 30, 0.0100, {CSFB,E2E,MT,Voice,Fallback,Connection}, {}, {"scenario": "mt_csfb_e2e", "services": ["Voice"], "flow_type": ..., {"success_criteria": "CSFB completed and voice call established"..., {}, {}, {}, f, f, t, null, 2025-09-24 04:21:28.610515+00, 2025-09-24 04:21:28.610515+00, null, null, null, null, {}, {}, {}, {}, {}, {}, automated, 5, 30, {}, null, null, {}, null, approved, Multi, 3GPP TS 23.272 CSFB, null).',
  hint: null,
  message: 'new row for relation "test_cases" violates check constraint "test_cases_automation_level_check"'
}
 POST /api/test-cases/create/ 500 in 272ms
ðŸ”§ Creating test case: MO CSFB End-to-End: Voice Attempt â†’ Fallback â†’ Connection
Test case creation error: {
  code: '23514',
  details: 'Failing row contains (ec5897fb-f395-4a59-8269-11e1e666d854, LTE-20250924042129293-581d15, MO CSFB End-to-End: Voice Attempt â†’ Fallback â†’ Connection, Complete Mobile Originated Circuit Switched Fallback flow from v..., null, 4G_LTE, LTE, 1.0, expert, end_to_end, 30, 0.0100, {CSFB,E2E,MO,Voice,Fallback,Connection}, {}, {"scenario": "mo_csfb_e2e", "services": ["Voice"], "flow_type": ..., {"success_criteria": "CSFB completed and voice call established"..., {}, {}, {}, f, f, t, null, 2025-09-24 04:21:29.290524+00, 2025-09-24 04:21:29.290524+00, null, null, null, null, {}, {}, {}, {}, {}, {}, automated, 5, 30, {}, null, null, {}, null, approved, Multi, 3GPP TS 23.272 CSFB, null).',
  hint: null,
  message: 'new row for relation "test_cases" violates check constraint "test_cases_automation_level_check"'
}
 POST /api/test-cases/create/ 500 in 662ms
ðŸ”§ Creating test case: 5Gâ†’LTE Handover End-to-End: Measurement â†’ Handover â†’ Bearer Update
Test case creation error: {
  code: '23514',
  details: 'Failing row contains (56ee600a-b6c1-4f26-a81f-0f078900df84, NR-20250924042129572-fc84f8, 5Gâ†’LTE Handover End-to-End: Measurement â†’ Handover â†’ Beare..., Complete handover flow from 5G NR to LTE with measurement, hando..., null, 5G_NR, NR, 1.0, expert, end_to_end, 30, 0.0100, {Handover,E2E,5G,LTE,Measurement,Bearer}, {}, {"scenario": "5g_lte_handover_e2e", "services": ["Data", "Voice"..., {"success_criteria": "Handover completed successfully with beare..., {}, {}, {}, f, f, t, null, 2025-09-24 04:21:29.563156+00, 2025-09-24 04:21:29.563156+00, null, null, null, null, {}, {}, {}, {}, {}, {}, automated, 5, 30, {}, null, null, {}, null, approved, Multi, 3GPP TS 38.331 Handover Procedures, null).',
  hint: null,
  message: 'new row for relation "test_cases" violates check constraint "test_cases_automation_level_check"'
}
 POST /api/test-cases/create/ 500 in 275ms
ðŸ”§ Creating test case: LTEâ†’5G Handover End-to-End: Measurement â†’ Handover â†’ QoS Update
Test case creation error: {
  code: '23514',
  details: 'Failing row contains (d07e438f-800d-44c0-bb9a-421cf11295f5, NR-20250924042129870-a38be3, LTEâ†’5G Handover End-to-End: Measurement â†’ Handover â†’ QoS U..., Complete handover flow from LTE to 5G NR with measurement, hando..., null, 5G_NR, NR, 1.0, expert, end_to_end, 30, 0.0100, {Handover,E2E,LTE,5G,Measurement,QoS}, {}, {"scenario": "lte_5g_handover_e2e", "services": ["Data", "Voice"..., {"success_criteria": "Handover completed successfully with QoS u..., {}, {}, {}, f, f, t, null, 2025-09-24 04:21:29.867911+00, 2025-09-24 04:21:29.867911+00, null, null, null, null, {}, {}, {}, {}, {}, {}, automated, 5, 30, {}, null, null, {}, null, approved, Multi, 3GPP TS 38.331 Handover Procedures, null).',
  hint: null,
  message: 'new row for relation "test_cases" violates check constraint "test_cases_automation_level_check"'
}
 POST /api/test-cases/create/ 500 in 288ms
ðŸ”§ Creating test case: 3Gâ†’LTE Handover End-to-End: Measurement â†’ Relocation â†’ Bearer Update
Test case creation error: {
  code: '23514',
  details: 'Failing row contains (cab15a0f-ff7a-4ac9-9f92-de028626a526, LTE-20250924042130179-cef58b, 3Gâ†’LTE Handover End-to-End: Measurement â†’ Relocation â†’ Bea..., Complete handover flow from 3G UMTS to LTE with measurement, rel..., null, 4G_LTE, LTE, 1.0, expert, end_to_end, 30, 0.0100, {Handover,E2E,3G,LTE,Measurement,Relocation,Bearer}, {}, {"scenario": "3g_lte_handover_e2e", "services": ["Data", "Voice"..., {"success_criteria": "Handover completed successfully with beare..., {}, {}, {}, f, f, t, null, 2025-09-24 04:21:30.175953+00, 2025-09-24 04:21:30.175953+00, null, null, null, null, {}, {}, {}, {}, {}, {}, automated, 5, 30, {}, null, null, {}, null, approved, Multi, 3GPP TS 25.331 & 36.331 Handover Procedures, null).',
  hint: null,
  message: 'new row for relation "test_cases" violates check constraint "test_cases_automation_level_check"'
}
 POST /api/test-cases/create/ 500 in 303ms
ðŸ” Simple fetch - Category: null, Limit: 1
âœ… Simple fetch successful: 1 test cases found
 GET /api/test-cases/simple/?limit=1 200 in 749ms
 âœ“ Compiled in 1884ms (535 modules)
ðŸ”§ Creating test case: SMS Service End-to-End: MO â†’ SMSC â†’ MT Delivery
Test case creation error: {
  code: '23514',
  details: 'Failing row contains (96a84abf-bca5-4bde-936a-50e2eae1cbd1, LTE-20250924042146958-3203ec, SMS Service End-to-End: MO â†’ SMSC â†’ MT Delivery, Complete SMS service flow from Mobile Originated to Mobile Termi..., null, 4G_LTE, LTE, 1.0, expert, end_to_end, 30, 0.0100, {SMS,E2E,MO,MT,SMSC,Delivery}, {}, {"scenario": "sms_service_e2e", "services": ["SMS"], "flow_type"..., {"success_criteria": "SMS delivered successfully from MO to MT",..., {}, {}, {}, f, f, t, null, 2025-09-24 04:21:46.955832+00, 2025-09-24 04:21:46.955832+00, null, null, null, null, {}, {}, {}, {}, {}, {}, manual, 5, 30, {}, null, null, {}, null, approved, Multi, 3GPP TS 23.040 SMS Service, null).',
  hint: null,
  message: 'new row for relation "test_cases" violates check constraint "test_cases_test_type_check"'
}
 POST /api/test-cases/create/ 500 in 879ms
ðŸ”§ Creating test case: MO Data End-to-End: PDP Activation â†’ Data Transfer
Test case creation error: {
  code: '23514',
  details: 'Failing row contains (d64562e3-2324-4383-a24e-c915cbaba978, LTE-20250924042147709-a5618a, MO Data End-to-End: PDP Activation â†’ Data Transfer, Complete Mobile Originated data flow from PDP context activation..., null, 4G_LTE, LTE, 1.0, expert, end_to_end, 30, 0.0100, {Data,E2E,MO,PDP,Activation,Transfer}, {}, {"scenario": "mo_data_e2e", "services": ["Data"], "flow_type": "..., {"success_criteria": "PDP context activated and data transfer su..., {}, {}, {}, f, f, t, null, 2025-09-24 04:21:47.707308+00, 2025-09-24 04:21:47.707308+00, null, null, null, null, {}, {}, {}, {}, {}, {}, manual, 5, 30, {}, null, null, {}, null, approved, Multi, 3GPP TS 23.401 EPS Bearer Management, null).',
  hint: null,
  message: 'new row for relation "test_cases" violates check constraint "test_cases_test_type_check"'
}
 POST /api/test-cases/create/ 500 in 703ms
ðŸ”§ Creating test case: MT Data End-to-End: Paging â†’ Data Delivery
Test case creation error: {
  code: '23514',
  details: 'Failing row contains (3d1331a2-5eed-425c-93e0-9880be1f26a8, LTE-20250924042148388-9ececc, MT Data End-to-End: Paging â†’ Data Delivery, Complete Mobile Terminated data flow from paging to successful d..., null, 4G_LTE, LTE, 1.0, expert, end_to_end, 30, 0.0100, {Data,E2E,MT,Paging,Delivery}, {}, {"scenario": "mt_data_e2e", "services": ["Data"], "flow_type": "..., {"success_criteria": "UE paged and data delivered successfully",..., {}, {}, {}, f, f, t, null, 2025-09-24 04:21:48.386582+00, 2025-09-24 04:21:48.386582+00, null, null, null, null, {}, {}, {}, {}, {}, {}, manual, 5, 30, {}, null, null, {}, null, approved, Multi, 3GPP TS 23.401 EPS Bearer Management, null).',
  hint: null,
  message: 'new row for relation "test_cases" violates check constraint "test_cases_test_type_check"'
}
 POST /api/test-cases/create/ 500 in 656ms
ðŸ”§ Creating test case: MT CSFB End-to-End: Voice Call â†’ Fallback â†’ Connection
Test case creation error: {
  code: '23514',
  details: 'Failing row contains (f5ff0344-e6c3-4cad-9134-8ebbfd645221, LTE-20250924042149072-bfeb5d, MT CSFB End-to-End: Voice Call â†’ Fallback â†’ Connection, Complete Mobile Terminated Circuit Switched Fallback flow from v..., null, 4G_LTE, LTE, 1.0, expert, end_to_end, 30, 0.0100, {CSFB,E2E,MT,Voice,Fallback,Connection}, {}, {"scenario": "mt_csfb_e2e", "services": ["Voice"], "flow_type": ..., {"success_criteria": "CSFB completed and voice call established"..., {}, {}, {}, f, f, t, null, 2025-09-24 04:21:49.069891+00, 2025-09-24 04:21:49.069891+00, null, null, null, null, {}, {}, {}, {}, {}, {}, manual, 5, 30, {}, null, null, {}, null, approved, Multi, 3GPP TS 23.272 CSFB, null).',
  hint: null,
  message: 'new row for relation "test_cases" violates check constraint "test_cases_test_type_check"'
}
 POST /api/test-cases/create/ 500 in 689ms
ðŸ”§ Creating test case: MO CSFB End-to-End: Voice Attempt â†’ Fallback â†’ Connection
Test case creation error: {
  code: '23514',
  details: 'Failing row contains (9c7ac851-501f-4db5-9ca2-5f0b8088ffdb, LTE-20250924042149752-bf162f, MO CSFB End-to-End: Voice Attempt â†’ Fallback â†’ Connection, Complete Mobile Originated Circuit Switched Fallback flow from v..., null, 4G_LTE, LTE, 1.0, expert, end_to_end, 30, 0.0100, {CSFB,E2E,MO,Voice,Fallback,Connection}, {}, {"scenario": "mo_csfb_e2e", "services": ["Voice"], "flow_type": ..., {"success_criteria": "CSFB completed and voice call established"..., {}, {}, {}, f, f, t, null, 2025-09-24 04:21:49.749694+00, 2025-09-24 04:21:49.749694+00, null, null, null, null, {}, {}, {}, {}, {}, {}, manual, 5, 30, {}, null, null, {}, null, approved, Multi, 3GPP TS 23.272 CSFB, null).',
  hint: null,
  message: 'new row for relation "test_cases" violates check constraint "test_cases_test_type_check"'
}
 POST /api/test-cases/create/ 500 in 664ms
ðŸ”§ Creating test case: 5Gâ†’LTE Handover End-to-End: Measurement â†’ Handover â†’ Bearer Update
Test case creation error: {
  code: '23514',
  details: 'Failing row contains (81dfa2a3-4f2a-4296-9e69-16f24b7d1c53, NR-20250924042150459-4af5c4, 5Gâ†’LTE Handover End-to-End: Measurement â†’ Handover â†’ Beare..., Complete handover flow from 5G NR to LTE with measurement, hando..., null, 5G_NR, NR, 1.0, expert, end_to_end, 30, 0.0100, {Handover,E2E,5G,LTE,Measurement,Bearer}, {}, {"scenario": "5g_lte_handover_e2e", "services": ["Data", "Voice"..., {"success_criteria": "Handover completed successfully with beare..., {}, {}, {}, f, f, t, null, 2025-09-24 04:21:50.456729+00, 2025-09-24 04:21:50.456729+00, null, null, null, null, {}, {}, {}, {}, {}, {}, manual, 5, 30, {}, null, null, {}, null, approved, Multi, 3GPP TS 38.331 Handover Procedures, null).',
  hint: null,
  message: 'new row for relation "test_cases" violates check constraint "test_cases_test_type_check"'
}
 POST /api/test-cases/create/ 500 in 689ms
ðŸ”§ Creating test case: LTEâ†’5G Handover End-to-End: Measurement â†’ Handover â†’ QoS Update
Test case creation error: {
  code: '23514',
  details: 'Failing row contains (0b93a601-bdd6-4400-9977-b531276b042e, NR-20250924042151141-de5c5b, LTEâ†’5G Handover End-to-End: Measurement â†’ Handover â†’ QoS U..., Complete handover flow from LTE to 5G NR with measurement, hando..., null, 5G_NR, NR, 1.0, expert, end_to_end, 30, 0.0100, {Handover,E2E,LTE,5G,Measurement,QoS}, {}, {"scenario": "lte_5g_handover_e2e", "services": ["Data", "Voice"..., {"success_criteria": "Handover completed successfully with QoS u..., {}, {}, {}, f, f, t, null, 2025-09-24 04:21:51.139132+00, 2025-09-24 04:21:51.139132+00, null, null, null, null, {}, {}, {}, {}, {}, {}, manual, 5, 30, {}, null, null, {}, null, approved, Multi, 3GPP TS 38.331 Handover Procedures, null).',
  hint: null,
  message: 'new row for relation "test_cases" violates check constraint "test_cases_test_type_check"'
}
 POST /api/test-cases/create/ 500 in 679ms
ðŸ”§ Creating test case: 3Gâ†’LTE Handover End-to-End: Measurement â†’ Relocation â†’ Bearer Update
Test case creation error: {
  code: '23514',
  details: 'Failing row contains (0ba11d07-0d59-4024-8d77-e15a79d81fba, LTE-20250924042151822-0f2819, 3Gâ†’LTE Handover End-to-End: Measurement â†’ Relocation â†’ Bea..., Complete handover flow from 3G UMTS to LTE with measurement, rel..., null, 4G_LTE, LTE, 1.0, expert, end_to_end, 30, 0.0100, {Handover,E2E,3G,LTE,Measurement,Relocation,Bearer}, {}, {"scenario": "3g_lte_handover_e2e", "services": ["Data", "Voice"..., {"success_criteria": "Handover completed successfully with beare..., {}, {}, {}, f, f, t, null, 2025-09-24 04:21:51.820346+00, 2025-09-24 04:21:51.820346+00, null, null, null, null, {}, {}, {}, {}, {}, {}, manual, 5, 30, {}, null, null, {}, null, approved, Multi, 3GPP TS 25.331 & 36.331 Handover Procedures, null).',
  hint: null,
  message: 'new row for relation "test_cases" violates check constraint "test_cases_test_type_check"'
}
 POST /api/test-cases/create/ 500 in 677ms
ðŸ” Simple fetch - Category: null, Limit: 1
âœ… Simple fetch successful: 1 test cases found
 GET /api/test-cases/simple/?limit=1 200 in 759ms
 âœ“ Compiled in 1500ms (535 modules)
ðŸ”§ Creating test case: SMS Service End-to-End: MO â†’ SMSC â†’ MT Delivery
âœ… Test case created successfully: d427e8aa-d3c7-46e3-80f5-f955571934ea
 POST /api/test-cases/create/ 200 in 1054ms
ðŸ”§ Creating test case: MO Data End-to-End: PDP Activation â†’ Data Transfer
âœ… Test case created successfully: 2fac4988-2313-4197-bc7e-39d3a66f23c1
 POST /api/test-cases/create/ 200 in 675ms
ðŸ”§ Creating test case: MT Data End-to-End: Paging â†’ Data Delivery
âœ… Test case created successfully: da690637-519e-4dec-89b4-6dfe74d4e5dd
 POST /api/test-cases/create/ 200 in 673ms
ðŸ”§ Creating test case: MT CSFB End-to-End: Voice Call â†’ Fallback â†’ Connection
âœ… Test case created successfully: 84618fcb-aee1-4c12-a179-939f6decc04c
 POST /api/test-cases/create/ 200 in 662ms
ðŸ”§ Creating test case: MO CSFB End-to-End: Voice Attempt â†’ Fallback â†’ Connection
âœ… Test case created successfully: 1cb40c79-63ca-4354-bb27-343f3424e9e0
 POST /api/test-cases/create/ 200 in 661ms
ðŸ”§ Creating test case: 5Gâ†’LTE Handover End-to-End: Measurement â†’ Handover â†’ Bearer Update
âœ… Test case created successfully: 7004525a-5fb2-4654-bc91-44ccde3eb358
 POST /api/test-cases/create/ 200 in 700ms
ðŸ”§ Creating test case: LTEâ†’5G Handover End-to-End: Measurement â†’ Handover â†’ QoS Update
âœ… Test case created successfully: 6ac9e85a-baa0-44fb-afd5-af1ceee7c118
 POST /api/test-cases/create/ 200 in 713ms
ðŸ”§ Creating test case: 3Gâ†’LTE Handover End-to-End: Measurement â†’ Relocation â†’ Bearer Update
âœ… Test case created successfully: 33ebec89-c08b-41fb-91f7-4f28936796be
 POST /api/test-cases/create/ 200 in 657ms
 â—‹ Compiling /api/test-execution/simple ...
 âœ“ Compiled /api/test-execution/simple in 1034ms (221 modules)
ðŸ” Simple execution fetch for test case: d427e8aa-d3c7-46e3-80f5-f955571934ea
âœ… Simple execution data created for: SMS Service End-to-End: MO â†’ SMSC â†’ MT Delivery
   Expected Messages: 10
   Expected IEs: 10
   Expected Layer Params: 10
 GET /api/test-execution/simple/?testCaseId=d427e8aa-d3c7-46e3-80f5-f955571934ea 200 in 2855ms
ðŸ” Simple execution fetch for test case: 7004525a-5fb2-4654-bc91-44ccde3eb358
âœ… Simple execution data created for: 5Gâ†’LTE Handover End-to-End: Measurement â†’ Handover â†’ Bearer Update
   Expected Messages: 10
   Expected IEs: 10
   Expected Layer Params: 11
 GET /api/test-execution/simple/?testCaseId=7004525a-5fb2-4654-bc91-44ccde3eb358 200 in 704ms
 âœ“ Compiled in 2.6s (471 modules)
 âœ“ Compiled in 1544ms (457 modules)
 âœ“ Compiled in 2.2s (471 modules)
 âœ“ Compiled in 2.1s (457 modules)
 â—‹ Compiling /api/test-cases/update/[id] ...
 âœ“ Compiled /api/test-cases/update/[id] in 3.7s (519 modules)
Error: Route "/api/test-cases/update/[id]" used `params.id`. `params` should be awaited before using its properties. Learn more: https://nextjs.org/docs/messages/sync-dynamic-apis
    at PUT (app/api/test-cases/update/[id]/route.ts:13:31)
  11 | ) {
  12 |   try {
> 13 |     const testCaseId = params.id;
     |                               ^
  14 |     const body = await request.json();
  15 |     
  16 |     if (!testCaseId) {
ðŸ”§ Updating test case: d427e8aa-d3c7-46e3-80f5-f955571934ea
âœ… Test case updated successfully: d427e8aa-d3c7-46e3-80f5-f955571934ea
 PUT /api/test-cases/update/d427e8aa-d3c7-46e3-80f5-f955571934ea/ 200 in 7777ms
 â—‹ Compiling /api/test-case-messages/create ...
 âœ“ Compiled /api/test-case-messages/create in 623ms (521 modules)
ðŸ”§ Creating test case message: Primary Synchronization Signal
Message creation error: {
  code: 'PGRST204',
  details: null,
  hint: null,
  message: "Could not find the 'updated_at' column of 'test_case_messages' in the schema cache"
}
 POST /api/test-case-messages/create/ 500 in 1722ms
ðŸ”§ Creating test case message: Secondary Synchronization Signal
Message creation error: {
  code: 'PGRST204',
  details: null,
  hint: null,
  message: "Could not find the 'updated_at' column of 'test_case_messages' in the schema cache"
}
 POST /api/test-case-messages/create/ 500 in 775ms
ðŸ”§ Creating test case message: Physical Broadcast Channel
Message creation error: {
  code: 'PGRST204',
  details: null,
  hint: null,
  message: "Could not find the 'updated_at' column of 'test_case_messages' in the schema cache"
}
 POST /api/test-case-messages/create/ 500 in 736ms
ðŸ”§ Creating test case message: Physical Random Access Channel
Message creation error: {
  code: 'PGRST204',
  details: null,
  hint: null,
  message: "Could not find the 'updated_at' column of 'test_case_messages' in the schema cache"
}
 POST /api/test-case-messages/create/ 500 in 745ms
ðŸ”§ Creating test case message: Random Access Response
Message creation error: {
  code: 'PGRST204',
  details: null,
  hint: null,
  message: "Could not find the 'updated_at' column of 'test_case_messages' in the schema cache"
}
 POST /api/test-case-messages/create/ 500 in 775ms
ðŸ”§ Creating test case message: RRC Connection Request
Message creation error: {
  code: 'PGRST204',
  details: null,
  hint: null,
  message: "Could not find the 'updated_at' column of 'test_case_messages' in the schema cache"
}
 POST /api/test-case-messages/create/ 500 in 713ms
ðŸ”§ Creating test case message: RRC Connection Setup
Message creation error: {
  code: 'PGRST204',
  details: null,
  hint: null,
  message: "Could not find the 'updated_at' column of 'test_case_messages' in the schema cache"
}
 POST /api/test-case-messages/create/ 500 in 345ms
ðŸ”§ Creating test case message: RRC Connection Setup Complete
Message creation error: {
  code: 'PGRST204',
  details: null,
  hint: null,
  message: "Could not find the 'updated_at' column of 'test_case_messages' in the schema cache"
}
 POST /api/test-case-messages/create/ 500 in 717ms
ðŸ”§ Creating test case message: Attach Request
Message creation error: {
  code: 'PGRST204',
  details: null,
  hint: null,
  message: "Could not find the 'updated_at' column of 'test_case_messages' in the schema cache"
}
 POST /api/test-case-messages/create/ 500 in 724ms
ðŸ”§ Creating test case message: Authentication Request
Message creation error: {
  code: 'PGRST204',
  details: null,
  hint: null,
  message: "Could not find the 'updated_at' column of 'test_case_messages' in the schema cache"
}
 POST /api/test-case-messages/create/ 500 in 358ms
 âœ“ Compiled /api/test-case-information-elements/create in 497ms (523 modules)
ðŸ”§ Creating test case IE: UE-Identity
IE creation error: {
  code: 'PGRST204',
  details: null,
  hint: null,
  message: "Could not find the 'description' column of 'test_case_information_elements' in the schema cache"
}
 POST /api/test-case-information-elements/create/ 500 in 1348ms
ðŸ”§ Creating test case IE: Transaction-ID
IE creation error: {
  code: 'PGRST204',
  details: null,
  hint: null,
  message: "Could not find the 'description' column of 'test_case_information_elements' in the schema cache"
}
 POST /api/test-case-information-elements/create/ 500 in 333ms
ðŸ”§ Creating test case IE: Cell-ID
IE creation error: {
  code: 'PGRST204',
  details: null,
  hint: null,
  message: "Could not find the 'description' column of 'test_case_information_elements' in the schema cache"
}
 POST /api/test-case-information-elements/create/ 500 in 307ms
ðŸ”§ Creating test case IE: RSRP
IE creation error: {
  code: 'PGRST204',
  details: null,
  hint: null,
  message: "Could not find the 'description' column of 'test_case_information_elements' in the schema cache"
}
 POST /api/test-case-information-elements/create/ 500 in 719ms
ðŸ”§ Creating test case IE: RSRQ
IE creation error: {
  code: 'PGRST204',
  details: null,
  hint: null,
  message: "Could not find the 'description' column of 'test_case_information_elements' in the schema cache"
}
 POST /api/test-case-information-elements/create/ 500 in 725ms
ðŸ”§ Creating test case IE: System-Bandwidth
IE creation error: {
  code: 'PGRST204',
  details: null,
  hint: null,
  message: "Could not find the 'description' column of 'test_case_information_elements' in the schema cache"
}
 POST /api/test-case-information-elements/create/ 500 in 702ms
ðŸ”§ Creating test case IE: PHICH-Config
IE creation error: {
  code: 'PGRST204',
  details: null,
  hint: null,
  message: "Could not find the 'description' column of 'test_case_information_elements' in the schema cache"
}
 POST /api/test-case-information-elements/create/ 500 in 321ms
ðŸ”§ Creating test case IE: Preamble-ID
IE creation error: {
  code: 'PGRST204',
  details: null,
  hint: null,
  message: "Could not find the 'description' column of 'test_case_information_elements' in the schema cache"
}
 POST /api/test-case-information-elements/create/ 500 in 303ms
ðŸ”§ Creating test case IE: RA-RNTI
IE creation error: {
  code: 'PGRST204',
  details: null,
  hint: null,
  message: "Could not find the 'description' column of 'test_case_information_elements' in the schema cache"
}
 POST /api/test-case-information-elements/create/ 500 in 314ms
ðŸ”§ Creating test case IE: Timing-Advance
IE creation error: {
  code: 'PGRST204',
  details: null,
  hint: null,
  message: "Could not find the 'description' column of 'test_case_information_elements' in the schema cache"
}
 POST /api/test-case-information-elements/create/ 500 in 344ms
 â—‹ Compiling /api/test-case-layer-parameters/create ...
 âœ“ Compiled /api/test-case-layer-parameters/create in 540ms (525 modules)
ðŸ”§ Creating test case layer parameter: RSRP
Parameter creation error: {
  code: 'PGRST204',
  details: null,
  hint: null,
  message: "Could not find the 'description' column of 'test_case_layer_parameters' in the schema cache"
}
 POST /api/test-case-layer-parameters/create/ 500 in 1410ms
ðŸ”§ Creating test case layer parameter: RSRQ
Parameter creation error: {
  code: 'PGRST204',
  details: null,
  hint: null,
  message: "Could not find the 'description' column of 'test_case_layer_parameters' in the schema cache"
}
 POST /api/test-case-layer-parameters/create/ 500 in 327ms
ðŸ”§ Creating test case layer parameter: System-Bandwidth
Parameter creation error: {
  code: 'PGRST204',
  details: null,
  hint: null,
  message: "Could not find the 'description' column of 'test_case_layer_parameters' in the schema cache"
}
 POST /api/test-case-layer-parameters/create/ 500 in 329ms
ðŸ”§ Creating test case layer parameter: Cell-ID
Parameter creation error: {
  code: 'PGRST204',
  details: null,
  hint: null,
  message: "Could not find the 'description' column of 'test_case_layer_parameters' in the schema cache"
}
 POST /api/test-case-layer-parameters/create/ 500 in 745ms
ðŸ”§ Creating test case layer parameter: Preamble-ID
Parameter creation error: {
  code: 'PGRST204',
  details: null,
  hint: null,
  message: "Could not find the 'description' column of 'test_case_layer_parameters' in the schema cache"
}
 POST /api/test-case-layer-parameters/create/ 500 in 685ms
ðŸ”§ Creating test case layer parameter: RA-RNTI
Parameter creation error: {
  code: 'PGRST204',
  details: null,
  hint: null,
  message: "Could not find the 'description' column of 'test_case_layer_parameters' in the schema cache"
}
 POST /api/test-case-layer-parameters/create/ 500 in 290ms
ðŸ”§ Creating test case layer parameter: Timing-Advance
Parameter creation error: {
  code: 'PGRST204',
  details: null,
  hint: null,
  message: "Could not find the 'description' column of 'test_case_layer_parameters' in the schema cache"
}
 POST /api/test-case-layer-parameters/create/ 500 in 698ms
ðŸ”§ Creating test case layer parameter: Transaction-ID
Parameter creation error: {
  code: 'PGRST204',
  details: null,
  hint: null,
  message: "Could not find the 'description' column of 'test_case_layer_parameters' in the schema cache"
}
 POST /api/test-case-layer-parameters/create/ 500 in 274ms
ðŸ”§ Creating test case layer parameter: UE-Identity
Parameter creation error: {
  code: 'PGRST204',
  details: null,
  hint: null,
  message: "Could not find the 'description' column of 'test_case_layer_parameters' in the schema cache"
}
 POST /api/test-case-layer-parameters/create/ 500 in 283ms
ðŸ”§ Creating test case layer parameter: IMSI
Parameter creation error: {
  code: 'PGRST204',
  details: null,
  hint: null,
  message: "Could not find the 'description' column of 'test_case_layer_parameters' in the schema cache"
}
 POST /api/test-case-layer-parameters/create/ 500 in 712ms
Error: Route "/api/test-cases/update/[id]" used `params.id`. `params` should be awaited before using its properties. Learn more: https://nextjs.org/docs/messages/sync-dynamic-apis
    at PUT (app/api/test-cases/update/[id]/route.ts:13:31)
  11 | ) {
  12 |   try {
> 13 |     const testCaseId = params.id;
     |                               ^
  14 |     const body = await request.json();
  15 |     
  16 |     if (!testCaseId) {
ðŸ”§ Updating test case: d427e8aa-d3c7-46e3-80f5-f955571934ea
âœ… Test case updated successfully: d427e8aa-d3c7-46e3-80f5-f955571934ea
 PUT /api/test-cases/update/d427e8aa-d3c7-46e3-80f5-f955571934ea/ 200 in 1132ms
Error: Route "/api/test-cases/update/[id]" used `params.id`. `params` should be awaited before using its properties. Learn more: https://nextjs.org/docs/messages/sync-dynamic-apis
    at PUT (app/api/test-cases/update/[id]/route.ts:13:31)
  11 | ) {
  12 |   try {
> 13 |     const testCaseId = params.id;
     |                               ^
  14 |     const body = await request.json();
  15 |     
  16 |     if (!testCaseId) {
ðŸ”§ Updating test case: 7004525a-5fb2-4654-bc91-44ccde3eb358
âœ… Test case updated successfully: 7004525a-5fb2-4654-bc91-44ccde3eb358
 PUT /api/test-cases/update/7004525a-5fb2-4654-bc91-44ccde3eb358/ 200 in 993ms
 â—‹ Compiling /api/test-execution/simple ...
 âœ“ Compiled /api/test-execution/simple in 1300ms (223 modules)
ðŸ” Simple execution fetch for test case: d427e8aa-d3c7-46e3-80f5-f955571934ea
âœ… Simple execution data created for: SMS Service End-to-End: MO â†’ SMSC â†’ MT Delivery
   Expected Messages: 10
   Expected IEs: 10
   Expected Layer Params: 10
 GET /api/test-execution/simple/?testCaseId=d427e8aa-d3c7-46e3-80f5-f955571934ea 200 in 2460ms
ðŸ” Simple execution fetch for test case: 7004525a-5fb2-4654-bc91-44ccde3eb358
âœ… Simple execution data created for: 5Gâ†’LTE Handover End-to-End: Measurement â†’ Handover â†’ Bearer Update
   Expected Messages: 10
   Expected IEs: 10
   Expected Layer Params: 11
 GET /api/test-execution/simple/?testCaseId=7004525a-5fb2-4654-bc91-44ccde3eb358 200 in 715ms
Error: Route "/api/test-cases/update/[id]" used `params.id`. `params` should be awaited before using its properties. Learn more: https://nextjs.org/docs/messages/sync-dynamic-apis
    at PUT (app/api/test-cases/update/[id]/route.ts:13:31)
  11 | ) {
  12 |   try {
> 13 |     const testCaseId = params.id;
     |                               ^
  14 |     const body = await request.json();
  15 |     
  16 |     if (!testCaseId) {
ðŸ”§ Updating test case: d427e8aa-d3c7-46e3-80f5-f955571934ea
âœ… Test case updated successfully: d427e8aa-d3c7-46e3-80f5-f955571934ea
 PUT /api/test-cases/update/d427e8aa-d3c7-46e3-80f5-f955571934ea/ 200 in 1784ms
Error: Route "/api/test-cases/update/[id]" used `params.id`. `params` should be awaited before using its properties. Learn more: https://nextjs.org/docs/messages/sync-dynamic-apis
    at PUT (app/api/test-cases/update/[id]/route.ts:13:31)
  11 | ) {
  12 |   try {
> 13 |     const testCaseId = params.id;
     |                               ^
  14 |     const body = await request.json();
  15 |     
  16 |     if (!testCaseId) {
ðŸ”§ Updating test case: 7004525a-5fb2-4654-bc91-44ccde3eb358
âœ… Test case updated successfully: 7004525a-5fb2-4654-bc91-44ccde3eb358
 PUT /api/test-cases/update/7004525a-5fb2-4654-bc91-44ccde3eb358/ 200 in 842ms
